This is pdfTeX, Version 3.141592653-2.6-1.40.24 (MiKTeX 22.10) (preloaded format=pdflatex 2023.2.13)  17 MAR 2024 13:38
entering extended mode
 restricted \write18 enabled.
 %&-line parsing enabled.
**./Thesis_final.tex
(Thesis_final.tex
LaTeX2e <2022-06-01> patch level 5
L3 programming layer <2022-09-28>
(C:\Users\DELL\AppData\Local\Programs\MiKTeX\tex/latex/base\report.cls
Document Class: report 2021/10/04 v1.4n Standard LaTeX document class
(C:\Users\DELL\AppData\Local\Programs\MiKTeX\tex/latex/base\size12.clo
File: size12.clo 2021/10/04 v1.4n Standard LaTeX file (size option)
)
\c@part=\count185
\c@chapter=\count186
\c@section=\count187
\c@subsection=\count188
\c@subsubsection=\count189
\c@paragraph=\count190
\c@subparagraph=\count191
\c@figure=\count192
\c@table=\count193
\abovecaptionskip=\skip47
\belowcaptionskip=\skip48
\bibindent=\dimen138
)
(C:\Users\DELL\AppData\Local\Programs\MiKTeX\tex/latex/geometry\geometry.sty
Package: geometry 2020/01/02 v5.9 Page Geometry

(C:\Users\DELL\AppData\Local\Programs\MiKTeX\tex/latex/graphics\keyval.sty
Package: keyval 2022/05/29 v1.15 key=value parser (DPC)
\KV@toks@=\toks16
)
(C:\Users\DELL\AppData\Local\Programs\MiKTeX\tex/generic/iftex\ifvtex.sty
Package: ifvtex 2019/10/25 v1.7 ifvtex legacy package. Use iftex instead.

(C:\Users\DELL\AppData\Local\Programs\MiKTeX\tex/generic/iftex\iftex.sty
Package: iftex 2022/02/03 v1.0f TeX engine tests
))
\Gm@cnth=\count194
\Gm@cntv=\count195
\c@Gm@tempcnt=\count196
\Gm@bindingoffset=\dimen139
\Gm@wd@mp=\dimen140
\Gm@odd@mp=\dimen141
\Gm@even@mp=\dimen142
\Gm@layoutwidth=\dimen143
\Gm@layoutheight=\dimen144
\Gm@layouthoffset=\dimen145
\Gm@layoutvoffset=\dimen146
\Gm@dimlist=\toks17

(C:\Users\DELL\AppData\Local\Programs\MiKTeX\tex/latex/geometry\geometry.cfg))
(C:\Users\DELL\AppData\Local\Programs\MiKTeX\tex/latex/setspace\setspace.sty
Package: setspace 2022/12/04 v6.7b set line spacing
)
(C:\Users\DELL\AppData\Local\Programs\MiKTeX\tex/latex/lipsum\lipsum.sty
(C:\Users\DELL\AppData\Local\Programs\MiKTeX\tex/latex/l3packages/l3keys2e\l3ke
ys2e.sty
(C:\Users\DELL\AppData\Local\Programs\MiKTeX\tex/latex/l3kernel\expl3.sty
Package: expl3 2022-09-28 L3 programming layer (loader) 

(C:\Users\DELL\AppData\Local\Programs\MiKTeX\tex/latex/l3backend\l3backend-pdft
ex.def
File: l3backend-pdftex.def 2022-09-28 L3 backend support: PDF output (pdfTeX)
\l__color_backend_stack_int=\count197
\l__pdf_internal_box=\box51
))
Package: l3keys2e 2022-06-22 LaTeX2e option processing using LaTeX3 keys
)
Package: lipsum 2021-09-20 v2.7 150 paragraphs of Lorem Ipsum dummy text
\g__lipsum_par_int=\count198
\l__lipsum_a_int=\count199
\l__lipsum_b_int=\count266

(C:\Users\DELL\AppData\Local\Programs\MiKTeX\tex/latex/lipsum\lipsum.ltd.tex))
(C:\Users\DELL\AppData\Local\Programs\MiKTeX\tex/latex/graphics\graphicx.sty
Package: graphicx 2021/09/16 v1.2d Enhanced LaTeX Graphics (DPC,SPQR)

(C:\Users\DELL\AppData\Local\Programs\MiKTeX\tex/latex/graphics\graphics.sty
Package: graphics 2022/03/10 v1.4e Standard LaTeX Graphics (DPC,SPQR)

(C:\Users\DELL\AppData\Local\Programs\MiKTeX\tex/latex/graphics\trig.sty
Package: trig 2021/08/11 v1.11 sin cos tan (DPC)
)
(C:\Users\DELL\AppData\Local\Programs\MiKTeX\tex/latex/graphics-cfg\graphics.cf
g
File: graphics.cfg 2016/06/04 v1.11 sample graphics configuration
)
Package graphics Info: Driver file: pdftex.def on input line 107.

(C:\Users\DELL\AppData\Local\Programs\MiKTeX\tex/latex/graphics-def\pdftex.def
File: pdftex.def 2022/09/22 v1.2b Graphics/color driver for pdftex
\stockwidth=\dimen147
\stockheight=\dimen148
))
\Gin@req@height=\dimen149
\Gin@req@width=\dimen150
) (C:\Users\DELL\AppData\Local\Programs\MiKTeX\tex/latex/caption\caption.sty
Package: caption 2023/08/05 v3.6o Customizing captions (AR)

(C:\Users\DELL\AppData\Local\Programs\MiKTeX\tex/latex/caption\caption3.sty
Package: caption3 2023/07/31 v2.4d caption3 kernel (AR)
\caption@tempdima=\dimen151
\captionmargin=\dimen152
\caption@leftmargin=\dimen153
\caption@rightmargin=\dimen154
\caption@width=\dimen155
\caption@indent=\dimen156
\caption@parindent=\dimen157
\caption@hangindent=\dimen158
Package caption Info: Standard document class detected.
)
\c@caption@flags=\count267
\c@continuedfloat=\count268
)
(C:\Users\DELL\AppData\Local\Programs\MiKTeX\tex/latex/lineno\lineno.sty
Package: lineno 2023/05/20 line numbers on paragraphs v5.3

(C:\Users\DELL\AppData\Local\Programs\MiKTeX\tex/latex/etoolbox\etoolbox.sty
Package: etoolbox 2020/10/05 v2.5k e-TeX tools for LaTeX (JAW)
\etb@tempcnta=\count269
)
(C:\Users\DELL\AppData\Local\Programs\MiKTeX\tex/latex/kvoptions\kvoptions.sty
Package: kvoptions 2022-06-15 v3.15 Key value format for package options (HO)

(C:\Users\DELL\AppData\Local\Programs\MiKTeX\tex/generic/ltxcmds\ltxcmds.sty
Package: ltxcmds 2020-05-10 v1.25 LaTeX kernel commands for general use (HO)
)
(C:\Users\DELL\AppData\Local\Programs\MiKTeX\tex/latex/kvsetkeys\kvsetkeys.sty
Package: kvsetkeys 2022-10-05 v1.19 Key value parser (HO)
))
\linenopenalty=\count270
\output=\toks18
\linenoprevgraf=\count271
\linenumbersep=\dimen159
\linenumberwidth=\dimen160
\c@linenumber=\count272
\c@pagewiselinenumber=\count273
\c@LN@truepage=\count274
\c@internallinenumber=\count275
\c@internallinenumbers=\count276
\quotelinenumbersep=\dimen161
\bframerule=\dimen162
\bframesep=\dimen163
\bframebox=\box52
LaTeX Info: Redefining \\ on input line 3180.
) (C:\Users\DELL\AppData\Local\Programs\MiKTeX\tex/latex/apacite\apacite.sty
Package: apacite 2013/07/21 v6.03 APA citation
\c@BibCnt=\count277
\bibleftmargin=\skip49
\bibindent=\skip50
\bibparsep=\skip51
\bibitemsep=\skip52
\biblabelsep=\skip53
)
(C:\Users\DELL\AppData\Local\Programs\MiKTeX\tex/latex/natbib\natbib.sty
Package: natbib 2010/09/13 8.31b (PWD, AO)
\bibhang=\skip54
\bibsep=\skip55
LaTeX Info: Redefining \cite on input line 694.
LaTeX Info: Redefining \citeauthor on input line 712.
LaTeX Info: Redefining \citeyear on input line 735.
\c@NAT@ctr=\count278
)
(C:\Users\DELL\AppData\Local\Programs\MiKTeX\tex/latex/xcolor\xcolor.sty
Package: xcolor 2022/06/12 v2.14 LaTeX color extensions (UK)

(C:\Users\DELL\AppData\Local\Programs\MiKTeX\tex/latex/graphics-cfg\color.cfg
File: color.cfg 2016/01/02 v1.6 sample color configuration
)
Package xcolor Info: Driver file: pdftex.def on input line 227.

(C:\Users\DELL\AppData\Local\Programs\MiKTeX\tex/latex/graphics\mathcolor.ltx)
Package xcolor Info: Model `cmy' substituted by `cmy0' on input line 1353.
Package xcolor Info: Model `hsb' substituted by `rgb' on input line 1357.
Package xcolor Info: Model `RGB' extended on input line 1369.
Package xcolor Info: Model `HTML' substituted by `rgb' on input line 1371.
Package xcolor Info: Model `Hsb' substituted by `hsb' on input line 1372.
Package xcolor Info: Model `tHsb' substituted by `hsb' on input line 1373.
Package xcolor Info: Model `HSB' substituted by `hsb' on input line 1374.
Package xcolor Info: Model `Gray' substituted by `gray' on input line 1375.
Package xcolor Info: Model `wave' substituted by `hsb' on input line 1376.
) (C:\Users\DELL\AppData\Local\Programs\MiKTeX\tex/latex/amsmath\amsmath.sty
Package: amsmath 2022/04/08 v2.17n AMS math features
\@mathmargin=\skip56

For additional information on amsmath, use the `?' option.
(C:\Users\DELL\AppData\Local\Programs\MiKTeX\tex/latex/amsmath\amstext.sty
Package: amstext 2021/08/26 v2.01 AMS text

(C:\Users\DELL\AppData\Local\Programs\MiKTeX\tex/latex/amsmath\amsgen.sty
File: amsgen.sty 1999/11/30 v2.0 generic functions
\@emptytoks=\toks19
\ex@=\dimen164
))
(C:\Users\DELL\AppData\Local\Programs\MiKTeX\tex/latex/amsmath\amsbsy.sty
Package: amsbsy 1999/11/29 v1.2d Bold Symbols
\pmbraise@=\dimen165
)
(C:\Users\DELL\AppData\Local\Programs\MiKTeX\tex/latex/amsmath\amsopn.sty
Package: amsopn 2022/04/08 v2.04 operator names
)
\inf@bad=\count279
LaTeX Info: Redefining \frac on input line 234.
\uproot@=\count280
\leftroot@=\count281
LaTeX Info: Redefining \overline on input line 399.
LaTeX Info: Redefining \colon on input line 410.
\classnum@=\count282
\DOTSCASE@=\count283
LaTeX Info: Redefining \ldots on input line 496.
LaTeX Info: Redefining \dots on input line 499.
LaTeX Info: Redefining \cdots on input line 620.
\Mathstrutbox@=\box53
\strutbox@=\box54
LaTeX Info: Redefining \big on input line 722.
LaTeX Info: Redefining \Big on input line 723.
LaTeX Info: Redefining \bigg on input line 724.
LaTeX Info: Redefining \Bigg on input line 725.
\big@size=\dimen166
LaTeX Font Info:    Redeclaring font encoding OML on input line 743.
LaTeX Font Info:    Redeclaring font encoding OMS on input line 744.
\macc@depth=\count284
LaTeX Info: Redefining \bmod on input line 905.
LaTeX Info: Redefining \pmod on input line 910.
LaTeX Info: Redefining \smash on input line 940.
LaTeX Info: Redefining \relbar on input line 970.
LaTeX Info: Redefining \Relbar on input line 971.
\c@MaxMatrixCols=\count285
\dotsspace@=\muskip16
\c@parentequation=\count286
\dspbrk@lvl=\count287
\tag@help=\toks20
\row@=\count288
\column@=\count289
\maxfields@=\count290
\andhelp@=\toks21
\eqnshift@=\dimen167
\alignsep@=\dimen168
\tagshift@=\dimen169
\tagwidth@=\dimen170
\totwidth@=\dimen171
\lineht@=\dimen172
\@envbody=\toks22
\multlinegap=\skip57
\multlinetaggap=\skip58
\mathdisplay@stack=\toks23
LaTeX Info: Redefining \[ on input line 2953.
LaTeX Info: Redefining \] on input line 2954.
)
\linenoamsmath@ams@eqpen=\count291

(C:\Users\DELL\AppData\Local\Programs\MiKTeX\tex/latex/booktabs\booktabs.sty
Package: booktabs 2020/01/12 v1.61803398 Publication quality tables
\heavyrulewidth=\dimen173
\lightrulewidth=\dimen174
\cmidrulewidth=\dimen175
\belowrulesep=\dimen176
\belowbottomsep=\dimen177
\aboverulesep=\dimen178
\abovetopsep=\dimen179
\cmidrulesep=\dimen180
\cmidrulekern=\dimen181
\defaultaddspace=\dimen182
\@cmidla=\count292
\@cmidlb=\count293
\@aboverulesep=\dimen183
\@belowrulesep=\dimen184
\@thisruleclass=\count294
\@lastruleclass=\count295
\@thisrulewidth=\dimen185
)
(C:\Users\DELL\AppData\Local\Programs\MiKTeX\tex/latex/multirow\multirow.sty
Package: multirow 2021/03/15 v2.8 Span multiple rows of a table
\multirow@colwidth=\skip59
\multirow@cntb=\count296
\multirow@dima=\skip60
\bigstrutjot=\dimen186
)
(C:\Users\DELL\AppData\Local\Programs\MiKTeX\tex/latex/pdflscape\pdflscape.sty
Package: pdflscape 2022-10-27 v0.13 Display of landscape pages in PDF

(C:\Users\DELL\AppData\Local\Programs\MiKTeX\tex/latex/pdflscape\pdflscape-nome
tadata.sty
Package: pdflscape-nometadata 2022-10-28 v0.13 Display of landscape pages in PD
F (HO)

(C:\Users\DELL\AppData\Local\Programs\MiKTeX\tex/latex/graphics\lscape.sty
Package: lscape 2020/05/28 v3.02 Landscape Pages (DPC)
)
Package pdflscape Info: Auto-detected driver: pdftex on input line 81.
))
(C:\Users\DELL\AppData\Local\Programs\MiKTeX\tex/latex/float\float.sty
Package: float 2001/11/08 v1.3d Float enhancements (AL)
\c@float@type=\count297
\float@exts=\toks24
\float@box=\box55
\@float@everytoks=\toks25
\@floatcapt=\box56
)
(C:\Users\DELL\AppData\Local\Programs\MiKTeX\tex/latex/tools\array.sty
Package: array 2022/03/10 v2.5f Tabular extension package (FMi)
\col@sep=\dimen187
\ar@mcellbox=\box57
\extrarowheight=\dimen188
\NC@list=\toks26
\extratabsurround=\skip61
\backup@length=\skip62
\ar@cellbox=\box58
)
(C:\Users\DELL\AppData\Local\Programs\MiKTeX\tex/latex/amsfonts\amsfonts.sty
Package: amsfonts 2013/01/14 v3.01 Basic AMSFonts support
\symAMSa=\mathgroup4
\symAMSb=\mathgroup5
LaTeX Font Info:    Redeclaring math symbol \hbar on input line 98.
LaTeX Font Info:    Overwriting math alphabet `\mathfrak' in version `bold'
(Font)                  U/euf/m/n --> U/euf/b/n on input line 106.
)
(C:\Users\DELL\AppData\Local\Programs\MiKTeX\tex/latex/siunitx\siunitx.sty

! Package siunitx Error: Support package expl3 too old.

See the siunitx package documentation for explanation.
Type  H <return>  for immediate help.
 ...                                              
                                                  
l.43   }
        %
You need to update your installation of 'l3kernel'.
Loading\nobreakspace {}siunitx\nobreakspace {}will\nobreakspace {}abort!

) (C:\Users\DELL\AppData\Local\Programs\MiKTeX\tex/latex/tools\dcolumn.sty
Package: dcolumn 2014/10/28 v1.06 decimal alignment package (DPC)
)
(C:\Users\DELL\AppData\Local\Programs\MiKTeX\tex/latex/tools\tabularx.sty
Package: tabularx 2020/01/15 v2.11c `tabularx' package (DPC)
\TX@col@width=\dimen189
\TX@old@table=\dimen190
\TX@old@col=\dimen191
\TX@target=\dimen192
\TX@delta=\dimen193
\TX@cols=\count298
\TX@ftn=\toks27
)
(C:\Users\DELL\AppData\Local\Programs\MiKTeX\tex/latex/tocloft\tocloft.sty
Package: tocloft 2017/08/31 v2.3i parameterised ToC, etc., typesetting
Package tocloft Info: The document has chapter divisions on input line 51.
\cftparskip=\skip63
\cftbeforetoctitleskip=\skip64
\cftaftertoctitleskip=\skip65
\cftbeforepartskip=\skip66
\cftpartnumwidth=\skip67
\cftpartindent=\skip68
\cftbeforechapskip=\skip69
\cftchapindent=\skip70
\cftchapnumwidth=\skip71
\cftbeforesecskip=\skip72
\cftsecindent=\skip73
\cftsecnumwidth=\skip74
\cftbeforesubsecskip=\skip75
\cftsubsecindent=\skip76
\cftsubsecnumwidth=\skip77
\cftbeforesubsubsecskip=\skip78
\cftsubsubsecindent=\skip79
\cftsubsubsecnumwidth=\skip80
\cftbeforeparaskip=\skip81
\cftparaindent=\skip82
\cftparanumwidth=\skip83
\cftbeforesubparaskip=\skip84
\cftsubparaindent=\skip85
\cftsubparanumwidth=\skip86
\cftbeforeloftitleskip=\skip87
\cftafterloftitleskip=\skip88
\cftbeforefigskip=\skip89
\cftfigindent=\skip90
\cftfignumwidth=\skip91
\c@lofdepth=\count299
\c@lotdepth=\count300
\cftbeforelottitleskip=\skip92
\cftafterlottitleskip=\skip93
\cftbeforetabskip=\skip94
\cfttabindent=\skip95
\cfttabnumwidth=\skip96
)
(C:\Users\DELL\AppData\Local\Programs\MiKTeX\tex/latex/sectsty\sectsty.sty
Package: sectsty 2002/02/25 v2.0.2 Commands to change all sectional heading sty
les


LaTeX Warning: Command \underbar  has changed.
               Check if current package is valid.


LaTeX Warning: Command \underline  has changed.
               Check if current package is valid.

) (C:\Users\DELL\AppData\Local\Programs\MiKTeX\tex/latex/makecell\makecell.sty
Package: makecell 2009/08/03 V0.1e Managing of Tab Column Heads and Cells
\rotheadsize=\dimen194
\c@nlinenum=\count301
\TeXr@lab=\toks28
) (Thesis_final.aux

LaTeX Warning: Label `fig:conceptualfw' multiply defined.


LaTeX Warning: Label `fig:hviletecomponents' multiply defined.


LaTeX Warning: Label `' multiply defined.


LaTeX Warning: Label `' multiply defined.


LaTeX Warning: Label `' multiply defined.

)
\openout1 = `Thesis_final.aux'.

LaTeX Font Info:    Checking defaults for OML/cmm/m/it on input line 46.
LaTeX Font Info:    ... okay on input line 46.
LaTeX Font Info:    Checking defaults for OMS/cmsy/m/n on input line 46.
LaTeX Font Info:    ... okay on input line 46.
LaTeX Font Info:    Checking defaults for OT1/cmr/m/n on input line 46.
LaTeX Font Info:    ... okay on input line 46.
LaTeX Font Info:    Checking defaults for T1/cmr/m/n on input line 46.
LaTeX Font Info:    ... okay on input line 46.
LaTeX Font Info:    Checking defaults for TS1/cmr/m/n on input line 46.
LaTeX Font Info:    ... okay on input line 46.
LaTeX Font Info:    Checking defaults for OMX/cmex/m/n on input line 46.
LaTeX Font Info:    ... okay on input line 46.
LaTeX Font Info:    Checking defaults for U/cmr/m/n on input line 46.
LaTeX Font Info:    ... okay on input line 46.

*geometry* driver: auto-detecting
*geometry* detected driver: pdftex
*geometry* verbose mode - [ preamble ] result:
* driver: pdftex
* paper: a4paper
* layout: <same size as paper>
* layoutoffset:(h,v)=(0.0pt,0.0pt)
* modes: 
* h-part:(L,W,R)=(85.35826pt, 426.79135pt, 85.35826pt)
* v-part:(T,H,B)=(71.13188pt, 702.78308pt, 71.13188pt)
* \paperwidth=597.50787pt
* \paperheight=845.04684pt
* \textwidth=426.79135pt
* \textheight=702.78308pt
* \oddsidemargin=13.08827pt
* \evensidemargin=13.08827pt
* \topmargin=-38.1381pt
* \headheight=12.0pt
* \headsep=25.0pt
* \topskip=12.0pt
* \footskip=30.0pt
* \marginparwidth=35.0pt
* \marginparsep=10.0pt
* \columnsep=10.0pt
* \skip\footins=10.8pt plus 4.0pt minus 2.0pt
* \hoffset=0.0pt
* \voffset=0.0pt
* \mag=1000
* \@twocolumnfalse
* \@twosidefalse
* \@mparswitchfalse
* \@reversemarginfalse
* (1in=72.27pt=25.4mm, 1cm=28.453pt)


(C:\Users\DELL\AppData\Local\Programs\MiKTeX\tex/context/base/mkii\supp-pdf.mki
i
[Loading MPS to PDF converter (version 2006.09.02).]
\scratchcounter=\count302
\scratchdimen=\dimen195
\scratchbox=\box59
\nofMPsegments=\count303
\nofMParguments=\count304
\everyMPshowfont=\toks29
\MPscratchCnt=\count305
\MPscratchDim=\dimen196
\MPnumerator=\count306
\makeMPintoPDFobject=\count307
\everyMPtoPDFconversion=\toks30
)
(C:\Users\DELL\AppData\Local\Programs\MiKTeX\tex/latex/epstopdf-pkg\epstopdf-ba
se.sty
Package: epstopdf-base 2020-01-24 v2.11 Base part for package epstopdf
Package epstopdf-base Info: Redefining graphics rule for `.eps' on input line 4
85.

(C:\Users\DELL\AppData\Local\Programs\MiKTeX\tex/latex/00miktex\epstopdf-sys.cf
g
File: epstopdf-sys.cfg 2021/03/18 v2.0 Configuration of epstopdf for MiKTeX
))
Package caption Info: Begin \AtBeginDocument code.
Package caption Info: float package is loaded.
Package caption Info: End \AtBeginDocument code.
\c@maskedRefs=\count308
 (C:\Users\DELL\AppData\Local\Programs\MiKTeX\tex/latex/apacite\english.apc
File: english.apc 2013/07/21 v6.03 apacite language file
LaTeX Info: Redefining \BPBI on input line 129.
LaTeX Info: Redefining \BHBI on input line 130.
) [1

{C:/Users/DELL/AppData/Local/MiKTeX/fonts/map/pdftex/pdftex.map}] [1]
[2] [3] [4] [5] (Thesis_final.toc
LaTeX Font Info:    Trying to load font information for U+msa on input line 1.

(C:\Users\DELL\AppData\Local\Programs\MiKTeX\tex/latex/amsfonts\umsa.fd
File: umsa.fd 2013/01/14 v3.01 AMS symbols A
)
LaTeX Font Info:    Trying to load font information for U+msb on input line 1.

(C:\Users\DELL\AppData\Local\Programs\MiKTeX\tex/latex/amsfonts\umsb.fd
File: umsb.fd 2013/01/14 v3.01 AMS symbols B
)
[6])
\tf@toc=\write3
\openout3 = `Thesis_final.toc'.

 [7] (Thesis_final.lot)
\tf@lot=\write4
\openout4 = `Thesis_final.lot'.

 [6

] (Thesis_final.lof)
\tf@lof=\write5
\openout5 = `Thesis_final.lof'.

 [7]
Overfull \hbox (24.78761pt too wide) in paragraph at lines 237--264
[] 
 []

[8]
Underfull \hbox (badness 10000) in paragraph at lines 272--275

 []


Package natbib Warning: Citation `world2018rural' on page 1 undefined on input 
line 278.


Package natbib Warning: Citation `jaszczak2018phenomenon' on page 1 undefined o
n input line 279.


Package natbib Warning: Citation `UNDP' on page 1 undefined on input line 279.


Package natbib Warning: Citation `acharya2008dimension' on page 1 undefined on 
input line 282.


Package natbib Warning: Citation `Worldbank2022' on page 1 undefined on input l
ine 282.


Package natbib Warning: Citation `world2021state' on page 1 undefined on input 
line 282.


Package natbib Warning: Citation `Researchoverview2022' on page 1 undefined on 
input line 282.


Package natbib Warning: Citation `pelser2022climate' on page 1 undefined on inp
ut line 282.


Package natbib Warning: Citation `angelsen2014environmental' on page 1 undefine
d on input line 282.


Package natbib Warning: Citation `mcnamara2016insecure' on page 1 undefined on 
input line 282.


Package natbib Warning: Citation `UN2019' on page 1 undefined on input line 284
.


Package natbib Warning: Citation `lazarte2017understanding' on page 1 undefined
 on input line 284.


Package natbib Warning: Citation `tacoli2015rural' on page 1 undefined on input
 line 284.


Package natbib Warning: Citation `artuso2011state' on page 1 undefined on input
 line 284.


Package natbib Warning: Citation `nawrotzki2012natural' on page 1 undefined on 
input line 286.


Package natbib Warning: Citation `angelsen2003exploring' on page 1 undefined on
 input line 286.

[1

]

Package natbib Warning: Citation `anani1999sustainable' on page 2 undefined on 
input line 288.


Package natbib Warning: Citation `dfid1999sustainable' on page 2 undefined on i
nput line 288.


Package natbib Warning: Citation `ellis1999rural' on page 2 undefined on input 
line 288.


Package natbib Warning: Citation `walelign2017dynamics' on page 2 undefined on 
input line 288.


Package natbib Warning: Citation `nawrotzki2012natural' on page 2 undefined on 
input line 290.


Package natbib Warning: Citation `diaz2019livelihood' on page 2 undefined on in
put line 290.


Package natbib Warning: Citation `mukotami2014rural' on page 2 undefined on inp
ut line 290.


Package natbib Warning: Citation `cavendish2008poverty' on page 2 undefined on 
input line 290.


Package natbib Warning: Citation `charlery2015assessing' on page 2 undefined on
 input line 292.


Package natbib Warning: Citation `walelign2017dynamics' on page 2 undefined on 
input line 292.

[2]

Package natbib Warning: Citation `walelign2020environmental' on page 3 undefine
d on input line 294.


Package natbib Warning: Citation `walelign2021poverty' on page 3 undefined on i
nput line 294.


Package natbib Warning: Citation `chhetri2022importance' on page 3 undefined on
 input line 294.


Package natbib Warning: Citation `angelsen2014environmental' on page 3 undefine
d on input line 296.


Package natbib Warning: Citation `emeru2022determinants' on page 3 undefined on
 input line 296.


Package natbib Warning: Citation `amevenku2019determinants' on page 3 undefined
 on input line 296.

[3]

Package natbib Warning: Citation `adger2000social' on page 4 undefined on input
 line 303.


Package natbib Warning: Citation `ahmadpour2020factors' on page 4 undefined on 
input line 303.


Package natbib Warning: Citation `chambers1992sustainable' on page 4 undefined 
on input line 303.


Package natbib Warning: Citation `ellis1999rural' on page 4 undefined on input 
line 303.


Package natbib Warning: Citation `mao2020rural' on page 4 undefined on input li
ne 305.


Package natbib Warning: Citation `shan2020determinants' on page 4 undefined on 
input line 305.


Package natbib Warning: Citation `lorato2019determinants' on page 4 undefined o
n input line 305.

[4] [5]

! LaTeX Error: There's no line here to end.

See the LaTeX manual or LaTeX Companion for explanation.
Type  H <return>  for immediate help.
 ...                                              
                                                  
l.339 \end{enumerate}  \\ \vspace
                                 {0.5cm}
Your command was ignored.
Type  I <command> <return>  to replace it with another command,
or  <return>  to continue without it.


Package natbib Warning: Citation `walelign2016livelihood' on page 6 undefined o
n input line 344.


Underfull \hbox (badness 10000) in paragraph at lines 350--355

 []

[6]
Underfull \hbox (badness 10000) in paragraph at lines 356--360

 []


Underfull \hbox (badness 10000) in paragraph at lines 364--365

 []

[7] [8]
Underfull \hbox (badness 10000) in paragraph at lines 383--386

 []


Package natbib Warning: Citation `chambers1992sustainable' on page 9 undefined 
on input line 390.


Package natbib Warning: Citation `dfid1999sustainable' on page 9 undefined on i
nput line 392.


Package natbib Warning: Citation `ellis1999rural' on page 9 undefined on input 
line 392.


Package natbib Warning: Citation `scoones2013livelihoods' on page 9 undefined o
n input line 392.


Package natbib Warning: Citation `dfid1999sustainable' on page 9 undefined on i
nput line 394.


Package natbib Warning: Citation `ellis1999rural' on page 9 undefined on input 
line 396.

[9

]

Package natbib Warning: Citation `scoones2013livelihoods' on page 10 undefined 
on input line 398.


Package natbib Warning: Citation `fang2016rural' on page 10 undefined on input 
line 406.


Package natbib Warning: Citation `chambers2006vulnerability' on page 10 undefin
ed on input line 406.


Package natbib Warning: Citation `calvo2005measuring' on page 10 undefined on i
nput line 406.


Package natbib Warning: Citation `chambers1989editorial' on page 10 undefined o
n input line 406.


Package natbib Warning: Citation `zhang2020capital' on page 10 undefined on inp
ut line 408.


Package natbib Warning: Citation `moser1998asset' on page 10 undefined on input
 line 408.


Package natbib Warning: Citation `bernier2014resilience' on page 10 undefined o
n input line 408.

[10]

Package natbib Warning: Citation `gaisie2021complexity' on page 11 undefined on
 input line 410.


Package natbib Warning: Citation `zhang2020capital' on page 11 undefined on inp
ut line 410.


Package natbib Warning: Citation `fang2016rural' on page 11 undefined on input 
line 413.


Package natbib Warning: Citation `antwi2013characterising' on page 11 undefined
 on input line 416.


Package natbib Warning: Citation `rahman2023households' on page 11 undefined on
 input line 416.


Package natbib Warning: Citation `notenbaert2013derivation' on page 11 undefine
d on input line 416.

[11]

Package natbib Warning: Citation `aksha2019analysis' on page 12 undefined on in
put line 422.


Package natbib Warning: Citation `shahiestimating' on page 12 undefined on inpu
t line 424.


Package natbib Warning: Citation `bista2019grasping' on page 12 undefined on in
put line 426.

[12]

Package natbib Warning: Citation `mainali2019mapping' on page 13 undefined on i
nput line 429.


Package natbib Warning: Citation `gerlitz2017multidimensional' on page 13 undef
ined on input line 431.


Package natbib Warning: Citation `aksha2019analysis' on page 13 undefined on in
put line 438.


Package natbib Warning: Citation `shahiestimating' on page 13 undefined on inpu
t line 438.


Package natbib Warning: Citation `bista2019grasping' on page 13 undefined on in
put line 438.


Package natbib Warning: Citation `mainali2019mapping' on page 13 undefined on i
nput line 438.


Package natbib Warning: Citation `gerlitz2017multidimensional' on page 13 undef
ined on input line 438.

[13] [14] [15]

Package natbib Warning: Citation `dfid1999sustainable' on page 16 undefined on 
input line 453.


Underfull \hbox (badness 10000) in paragraph at lines 453--454

 []

[16

]
<Conceptual framework for Household Vulnerability Index1.png, id=90, 548.54938p
t x 273.52188pt>
File: Conceptual framework for Household Vulnerability Index1.png Graphic file 
(type png)
<use Conceptual framework for Household Vulnerability Index1.png>
Package pdftex.def Info: Conceptual framework for Household Vulnerability Index
1.png  used on input line 490.
(pdftex.def)             Requested size: 438.84009pt x 218.8178pt.

Overfull \hbox (12.04874pt too wide) in paragraph at lines 490--492
 [][] 
 []


Underfull \hbox (badness 10000) in paragraph at lines 482--494

 []


Underfull \hbox (badness 10000) in paragraph at lines 482--494

 []


Underfull \hbox (badness 10000) in paragraph at lines 482--494

 []


Underfull \hbox (badness 10000) in paragraph at lines 482--494

 []


Underfull \hbox (badness 10000) in paragraph at lines 482--494

 []

[17]
<Objective 2.png, id=95, 494.84875pt x 272.51813pt>
File: Objective 2.png Graphic file (type png)
<use Objective 2.png>
Package pdftex.def Info: Objective 2.png  used on input line 502.
(pdftex.def)             Requested size: 445.35977pt x 245.26404pt.

Overfull \hbox (18.56842pt too wide) in paragraph at lines 502--504
 [][] 
 []


Underfull \hbox (badness 10000) in paragraph at lines 499--514

 []


Underfull \hbox (badness 10000) in paragraph at lines 499--514

 []


Underfull \hbox (badness 10000) in paragraph at lines 499--514

 []


Underfull \hbox (badness 10000) in paragraph at lines 499--514

 []


Underfull \hbox (badness 10000) in paragraph at lines 499--514

 []


Underfull \hbox (badness 10000) in paragraph at lines 499--514

 []


LaTeX Warning: `h' float specifier changed to `ht'.

[18 <./Conceptual framework for Household Vulnerability Index1.png>]

Package natbib Warning: Citation `walelign2022unique' on page 19 undefined on i
nput line 520.


Package natbib Warning: Citation `larsen2014role' on page 19 undefined on input
 line 521.

<Study site.png, id=100, 1445.4pt x 813.0375pt>
File: Study site.png Graphic file (type png)
<use Study site.png>
Package pdftex.def Info: Study site.png  used on input line 529.
(pdftex.def)             Requested size: 448.06937pt x 252.03902pt.

Overfull \hbox (21.27802pt too wide) in paragraph at lines 529--530
 [][] 
 []


Underfull \hbox (badness 10000) in paragraph at lines 520--532

 []

[19 <./Objective 2.png>]
Overfull \hbox (42.68893pt too wide) in paragraph at lines 548--564
[][] 
 []

[20 <./Study site.png>]
Overfull \hbox (3.07915pt too wide) in paragraph at lines 583--583
[]|\OT1/cmr/m/n/12 dependency[]ratio| 
 []

[21]

Package natbib Warning: Citation `watkins2007human' on page 22 undefined on inp
ut line 600.


Package natbib Warning: Citation `fang2016rural' on page 22 undefined on input 
line 606.


Package natbib Warning: Citation `antwi2013characterising' on page 22 undefined
 on input line 606.


Package natbib Warning: Citation `karunarathne2020developing' on page 22 undefi
ned on input line 606.


Package natbib Warning: Citation `huynh2018multi' on page 22 undefined on input
 line 606.


Package natbib Warning: Citation `dumenu2020social' on page 22 undefined on inp
ut line 606.

[22]

Package natbib Warning: Citation `hsiao2022analysis' on page 23 undefined on in
put line 632.

[23]

Package natbib Warning: Citation `honda1988size' on page 24 undefined on input 
line 654.


Package natbib Warning: Citation `breusch1980lagrange' on page 24 undefined on 
input line 658.


Package natbib Warning: Citation `hausman1978specification' on page 24 undefine
d on input line 661.

[24] [25]
Underfull \hbox (badness 10000) in paragraph at lines 670--673

 []


Package natbib Warning: Citation `acharya2008dimension' on page 26 undefined on
 input line 681.

[26

]
Overfull \hbox (22.76585pt too wide) in paragraph at lines 688--713
[][]
 []


LaTeX Warning: Float too large for page by 51.93214pt on input line 713.

[27] [28


]

Package natbib Warning: Citation `alha2018other' on page 29 undefined on input 
line 733.


Package natbib Warning: Citation `vanneman2006social' on page 29 undefined on i
nput line 733.

[29] [30]

Package natbib Warning: Citation `scoones2013livelihoods' on page 31 undefined 
on input line 750.


! LaTeX Error: Something's wrong--perhaps a missing \item.

See the LaTeX manual or LaTeX Companion for explanation.
Type  H <return>  for immediate help.
 ...                                              
                                                  
l.785 }
       
Try typing  <return>  to proceed.
If that doesn't work, type  X <return>  to quit.


! LaTeX Error: Something's wrong--perhaps a missing \item.

See the LaTeX manual or LaTeX Companion for explanation.
Type  H <return>  for immediate help.
 ...                                              
                                                  
l.785 }
       
Try typing  <return>  to proceed.
If that doesn't work, type  X <return>  to quit.


! LaTeX Error: Something's wrong--perhaps a missing \item.

See the LaTeX manual or LaTeX Companion for explanation.
Type  H <return>  for immediate help.
 ...                                              
                                                  
l.785 }
       
Try typing  <return>  to proceed.
If that doesn't work, type  X <return>  to quit.


! LaTeX Error: Something's wrong--perhaps a missing \item.

See the LaTeX manual or LaTeX Companion for explanation.
Type  H <return>  for immediate help.
 ...                                              
                                                  
l.785 }
       
Try typing  <return>  to proceed.
If that doesn't work, type  X <return>  to quit.


! LaTeX Error: Something's wrong--perhaps a missing \item.

See the LaTeX manual or LaTeX Companion for explanation.
Type  H <return>  for immediate help.
 ...                                              
                                                  
l.785 }
       
Try typing  <return>  to proceed.
If that doesn't work, type  X <return>  to quit.


! LaTeX Error: Something's wrong--perhaps a missing \item.

See the LaTeX manual or LaTeX Companion for explanation.
Type  H <return>  for immediate help.
 ...                                              
                                                  
l.785 }
       
Try typing  <return>  to proceed.
If that doesn't work, type  X <return>  to quit.


Underfull \hbox (badness 10000) in paragraph at lines 763--787
[][]
 []

[31] [32]

Package natbib Warning: Citation `rayamajhi2012empirical' on page 33 undefined 
on input line 794.


Package natbib Warning: Citation `larsen2014role' on page 33 undefined on input
 line 794.

[33]

Package natbib Warning: Citation `dercon2006vulnerability' on page 34 undefined
 on input line 804.

[34] [35]
<HVI_Summary_District_Panel1.pdf, id=166, 614.295pt x 794.97pt>
File: HVI_Summary_District_Panel1.pdf Graphic file (type pdf)
<use HVI_Summary_District_Panel1.pdf>
Package pdftex.def Info: HVI_Summary_District_Panel1.pdf  used on input line 84
8.
(pdftex.def)             Requested size: 491.43666pt x 635.97687pt.

Overfull \hbox (64.64531pt too wide) in paragraph at lines 848--851
[][]
 []

[36] [37 <./HVI_Summary_District_Panel1.pdf>]
<HVI_Summary_VDC1.pdf, id=187, 794.97pt x 614.295pt>
File: HVI_Summary_VDC1.pdf Graphic file (type pdf)
<use HVI_Summary_VDC1.pdf>
Package pdftex.def Info: HVI_Summary_VDC1.pdf  used on input line 880.
(pdftex.def)             Requested size: 492.87631pt x 380.85895pt.

Overfull \hbox (66.08496pt too wide) in paragraph at lines 880--883
[][]
 []

[38 <./HVI_Summary_VDC1.pdf>]

LaTeX Warning: No positions in optional float specifier.
               Default added (so using `tbp') on input line 898.


Underfull \hbox (badness 10000) in paragraph at lines 902--911
[][]
 []

<HVI_Component_Chainpur1.pdf, id=199, 614.295pt x 794.97pt>
File: HVI_Component_Chainpur1.pdf Graphic file (type pdf)
<use HVI_Component_Chainpur1.pdf>
Package pdftex.def Info: HVI_Component_Chainpur1.pdf  used on input line 919.
(pdftex.def)             Requested size: 430.00356pt x 556.4752pt.

Overfull \hbox (3.2122pt too wide) in paragraph at lines 919--922
[][]
 []

[39]
Underfull \hbox (badness 10000) in paragraph at lines 934--942
[][]
 []

<HVI_Component_Hemja1.pdf, id=203, 794.97pt x 614.295pt>
File: HVI_Component_Hemja1.pdf Graphic file (type pdf)
<use HVI_Component_Hemja1.pdf>
Package pdftex.def Info: HVI_Component_Hemja1.pdf  used on input line 949.
(pdftex.def)             Requested size: 476.98569pt x 368.57983pt.

Overfull \hbox (50.19434pt too wide) in paragraph at lines 949--952
[][]
 []

[40 <./HVI_Component_Chainpur1.pdf>]
Underfull \hbox (badness 10000) in paragraph at lines 963--972
[][]
 []

[41 <./HVI_Component_Hemja1.pdf>]
<HVI_Component_Kunjo1.pdf, id=232, 794.97pt x 614.295pt>
File: HVI_Component_Kunjo1.pdf Graphic file (type pdf)
<use HVI_Component_Kunjo1.pdf>
Package pdftex.def Info: HVI_Component_Kunjo1.pdf  used on input line 978.
(pdftex.def)             Requested size: 476.98569pt x 368.57983pt.

Overfull \hbox (50.19434pt too wide) in paragraph at lines 978--981
[][]
 []


Underfull \hbox (badness 10000) in paragraph at lines 992--999
[][]
 []

[42 <./HVI_Component_Kunjo1.pdf>]
<HVI_Component_Lete1.pdf, id=247, 794.97pt x 614.295pt>
File: HVI_Component_Lete1.pdf Graphic file (type pdf)
<use HVI_Component_Lete1.pdf>
Package pdftex.def Info: HVI_Component_Lete1.pdf  used on input line 1005.
(pdftex.def)             Requested size: 476.98569pt x 368.57983pt.

Overfull \hbox (50.19434pt too wide) in paragraph at lines 1005--1007
[][] 
 []

[43 <./HVI_Component_Lete1.pdf>]
Underfull \hbox (badness 10000) in paragraph at lines 1017--1018

 []

<Sankey.png, id=262, 761.84625pt x 415.5525pt>
File: Sankey.png Graphic file (type png)
<use Sankey.png>
Package pdftex.def Info: Sankey.png  used on input line 1020.
(pdftex.def)             Requested size: 457.11128pt x 249.33342pt.

Overfull \hbox (30.31993pt too wide) in paragraph at lines 1020--1022
[][] 
 []

[44 <./Sankey.png>] [45] [46] [47

]

Package natbib Warning: Citation `honda1988size' on page 48 undefined on input 
line 1146.

[48]

Package natbib Warning: Citation `breusch1980lagrange' on page 49 undefined on 
input line 1152.

[49]

Package natbib Warning: Citation `hausman1978specification' on page 50 undefine
d on input line 1158.


Package natbib Warning: Citation `hsiao2022analysis' on page 50 undefined on in
put line 1160.

[50] [51] [52] [53]

Package natbib Warning: Citation `angelsen2015environmental' on page 54 undefin
ed on input line 1209.


Package natbib Warning: Citation `abbas2018sustainable' on page 54 undefined on
 input line 1209.


Package natbib Warning: Citation `gentle2014differential' on page 54 undefined 
on input line 1209.


Package natbib Warning: Citation `walelign2020environmental' on page 54 undefin
ed on input line 1211.


Package natbib Warning: Citation `rabbani2021role' on page 54 undefined on inpu
t line 1213.

[54]

Package natbib Warning: Citation `rabbani2021role' on page 55 undefined on inpu
t line 1217.


Package natbib Warning: Citation `sun2020nexus' on page 55 undefined on input l
ine 1217.


Package natbib Warning: Citation `buhler2018shocks' on page 55 undefined on inp
ut line 1220.


Package natbib Warning: Citation `barua2020impact' on page 55 undefined on inpu
t line 1220.


Package natbib Warning: Citation `volker2010rural' on page 55 undefined on inpu
t line 1220.

[55]
Underfull \hbox (badness 10000) in paragraph at lines 1234--1236

 []


Package natbib Warning: Citation `walelign2022unique' on page 56 undefined on i
nput line 1242.

[56

] [57]
Overfull \hbox (0.31671pt too wide) in paragraph at lines 1266--1267
\OT1/cmr/m/n/12 over, shocks ex-ac-er-bate pre-existing vul-ner-a-bil-i-ties, d
is-pro-por-tion-ately af-fect-ing poor
 []


Package natbib Warning: Citation `antwi2013characterising' on page 58 undefined
 on input line 1272.


Package natbib Warning: Citation `aksha2019analysis' on page 58 undefined on in
put line 1272.


Package natbib Warning: Citation `shahiestimating' on page 58 undefined on inpu
t line 1272.

[58] [59] [60]
No file Thesis_final.bbl.
[61


]
Overfull \hbox (65.4805pt too wide) in paragraph at lines 1307--1335
[][]
 []


LaTeX Warning: Float too large for page by 65.94655pt on input line 1335.

[62]
Overfull \hbox (22.78433pt too wide) in paragraph at lines 1344--1357
[][] 
 []

[63



]
<HVI_Component_Village_Panel.pdf, id=329, 794.97pt x 614.295pt>
File: HVI_Component_Village_Panel.pdf Graphic file (type pdf)
<use HVI_Component_Village_Panel.pdf>
Package pdftex.def Info: HVI_Component_Village_Panel.pdf  used on input line 13
64.
(pdftex.def)             Requested size: 635.97687pt x 491.43666pt.


LaTeX Warning: `h' float specifier changed to `ht'.

[64 <./HVI_Component_Village_Panel.pdf>]
Overfull \hbox (21.34781pt too wide) in paragraph at lines 1377--1415
[][]
 []


Overfull \hbox (21.33868pt too wide) in paragraph at lines 1420--1460
[][]
 []

[65



]
Overfull \hbox (21.34776pt too wide) in paragraph at lines 1466--1502
[][]
 []

[66]
Underfull \hbox (badness 10000) in paragraph at lines 1510--1513

 []


Overfull \hbox (3.62248pt too wide) in paragraph at lines 1517--1520
[]\OT1/cmr/m/n/12 data: HVI $\OMS/cmsy/m/n/12 ^^X$ \OT1/cmr/m/n/12 En-vi-ron-me
n-tal De-pen-dency + Debt + De-pen-dency ra-tio + shock+... 
 []


Underfull \hbox (badness 10000) in paragraph at lines 1517--1520

 []


Overfull \hbox (3.62248pt too wide) in paragraph at lines 1523--1526
[]\OT1/cmr/m/n/12 data: HVI $\OMS/cmsy/m/n/12 ^^X$ \OT1/cmr/m/n/12 En-vi-ron-me
n-tal De-pen-dency + Debt + De-pen-dency ra-tio + shock+... 
 []


Underfull \hbox (badness 10000) in paragraph at lines 1523--1526

 []


Underfull \hbox (badness 10000) in paragraph at lines 1527--1531

 []


Package natbib Warning: There were undefined citations.

[67

] (Thesis_final.aux)

LaTeX Warning: There were multiply-defined labels.

 ) 
Here is how much of TeX's memory you used:
 7987 strings out of 475385
 136444 string characters out of 2777379
 634225 words of memory out of 3000000
 29213 multiletter control sequences out of 15000+600000
 480492 words of font info for 67 fonts, out of 8000000 for 9000
 1141 hyphenation exceptions out of 8191
 72i,18n,77p,1308b,457s stack positions out of 10000i,1000n,20000p,200000b,80000s
<C:/Users/DELL/AppData/Local/Programs/MiKTeX/fonts/type1/public/amsfonts/cm/c
mbx10.pfb><C:/Users/DELL/AppData/Local/Programs/MiKTeX/fonts/type1/public/amsfo
nts/cm/cmbx12.pfb><C:/Users/DELL/AppData/Local/Programs/MiKTeX/fonts/type1/publ
ic/amsfonts/cm/cmex10.pfb><C:/Users/DELL/AppData/Local/Programs/MiKTeX/fonts/ty
pe1/public/amsfonts/cm/cmmi12.pfb><C:/Users/DELL/AppData/Local/Programs/MiKTeX/
fonts/type1/public/amsfonts/cm/cmmi8.pfb><C:/Users/DELL/AppData/Local/Programs/
MiKTeX/fonts/type1/public/amsfonts/cm/cmmib10.pfb><C:/Users/DELL/AppData/Local/
Programs/MiKTeX/fonts/type1/public/amsfonts/cm/cmr12.pfb><C:/Users/DELL/AppData
/Local/Programs/MiKTeX/fonts/type1/public/amsfonts/cm/cmr8.pfb><C:/Users/DELL/A
ppData/Local/Programs/MiKTeX/fonts/type1/public/amsfonts/cm/cmsy10.pfb><C:/User
s/DELL/AppData/Local/Programs/MiKTeX/fonts/type1/public/amsfonts/cm/cmsy8.pfb><
C:/Users/DELL/AppData/Local/Programs/MiKTeX/fonts/type1/public/amsfonts/cm/cmti
10.pfb><C:/Users/DELL/AppData/Local/Programs/MiKTeX/fonts/type1/public/amsfonts
/cm/cmti12.pfb><C:/Users/DELL/AppData/Local/Programs/MiKTeX/fonts/type1/public/
amsfonts/cm/cmti8.pfb>
Output written on Thesis_final.pdf (78 pages, 2237895 bytes).
PDF statistics:
 410 PDF objects out of 1000 (max. 8388607)
 0 named destinations out of 1000 (max. 500000)
 56 words of extra memory for PDF output out of 10000 (max. 10000000)

